<?xml version="1.0" encoding="UTF-8"?>
<!-- Copyright (C) 2013 Inera AB (http://www.inera.se) This file is part 
  of Inera Certificate Web (http://code.google.com/p/inera-certificate-web). 
  Inera Certificate Web is free software: you can redistribute it and/or modify 
  it under the terms of the GNU Affero General Public License as published 
  by the Free Software Foundation, either version 3 of the License, or (at 
  your option) any later version. Inera Certificate Web is distributed in the 
  hope that it will be useful, but WITHOUT ANY WARRANTY; without even the implied 
  warranty of MERCHANTABILITY or FITNESS FOR A PARTICULAR PURPOSE. See the 
  GNU Affero General Public License for more details. You should have received 
  a copy of the GNU Affero General Public License along with this program. 
  If not, see <http://www.gnu.org/licenses/>. -->
<beans xmlns="http://www.springframework.org/schema/beans"
  xmlns:xsi="http://www.w3.org/2001/XMLSchema-instance" xmlns:context="http://www.springframework.org/schema/context"
  xmlns:mockito="http://www.mockito.org/spring/mockito" xmlns:amq="http://activemq.apache.org/schema/core"
  xsi:schemaLocation="http://www.springframework.org/schema/beans http://www.springframework.org/schema/beans/spring-beans.xsd
        http://www.springframework.org/schema/context http://www.springframework.org/schema/context/spring-context.xsd
        http://www.mockito.org/spring/mockito http://www.mockito.org/spring/mockito.xsd
        http://activemq.apache.org/schema/core http://activemq.apache.org/schema/core/activemq-core-5.9.0.xsd">

  <context:component-scan base-package="se.inera.intyg.webcert.logsender" />

  <context:property-placeholder location="classpath:test.properties"
    order="0" ignore-resource-not-found="true" />

  <bean id="jmsTemplate" class="org.springframework.jms.core.JmsTemplate">
    <property name="connectionFactory" ref="jmsFactory" />
    <property name="defaultDestination" ref="queue" />
    <property name="sessionTransacted" value="true" />
  </bean>

  <bean id="nonTransactedJmsTemplate" class="org.springframework.jms.core.JmsTemplate">
    <property name="connectionFactory" ref="jmsFactory" />
    <property name="defaultDestination" ref="queue" />
  </bean>

  <amq:broker persistent="false">
    <amq:transportConnectors>
      <amq:transportConnector uri="tcp://localhost:61618" />
    </amq:transportConnectors>
  </amq:broker>

  <bean id="jmsFactory" class="org.apache.activemq.pool.PooledConnectionFactory"
    destroy-method="stop">
    <property name="connectionFactory">
      <bean class="org.apache.activemq.ActiveMQConnectionFactory">
        <property name="brokerURL" value="tcp://localhost:61618" />
      </bean>
    </property>
  </bean>

  <amq:queue id="queue" physicalName="logging.queue" />

  <mockito:mock id="storeLogMock"
    class="se.riv.ehr.log.store.storelog.rivtabp21.v1.StoreLogResponderInterface" />

</beans>
